<?xml version="1.0" encoding="UTF-8"?>
<!-- Generated by org.testng.reporters.JUnitXMLReporter -->
<testsuite hostname="k" name="Default test" tests="1" failures="1" timestamp="25 Oct 2017 08:27:49 GMT" time="15.997" errors="0">
  <testcase name="excTestngXml" time="0.166" classname="com.cpeoc.appiunTestDemo.conf.TestRunner">
    <failure type="java.lang.NoClassDefFoundError" message="com/google/inject/Injector">
      <![CDATA[java.lang.NoClassDefFoundError: com/google/inject/Injector
	at java.lang.Class.getDeclaredMethods0(Native Method)
	at java.lang.Class.privateGetDeclaredMethods(Class.java:2701)
	at java.lang.Class.privateGetPublicMethods(Class.java:2902)
	at java.lang.Class.getMethods(Class.java:1615)
	at org.apache.velocity.util.introspection.ClassMap.getAccessibleMethods(ClassMap.java:258)
	at org.apache.velocity.util.introspection.ClassMap.populateMethodCache(ClassMap.java:151)
	at org.apache.velocity.util.introspection.ClassMap.<init>(ClassMap.java:64)
	at org.apache.velocity.util.introspection.IntrospectorBase.createClassMap(IntrospectorBase.java:126)
	at org.apache.velocity.util.introspection.IntrospectorBase.getMethod(IntrospectorBase.java:112)
	at org.apache.velocity.util.introspection.Introspector.getMethod(Introspector.java:100)
	at org.apache.velocity.runtime.parser.node.PropertyExecutor.discover(PropertyExecutor.java:65)
	at org.apache.velocity.runtime.parser.node.PropertyExecutor.<init>(PropertyExecutor.java:39)
	at org.apache.velocity.util.introspection.UberspectImpl.getPropertyGet(UberspectImpl.java:156)
	at org.apache.velocity.runtime.parser.node.ASTIdentifier.execute(ASTIdentifier.java:125)
	at org.apache.velocity.runtime.parser.node.ASTReference.execute(ASTReference.java:175)
	at org.apache.velocity.runtime.parser.node.ASTReference.value(ASTReference.java:327)
	at org.apache.velocity.runtime.parser.node.ASTAddNode.value(ASTAddNode.java:66)
	at org.apache.velocity.runtime.parser.node.ASTExpression.value(ASTExpression.java:51)
	at org.apache.velocity.runtime.parser.node.ASTSetDirective.render(ASTSetDirective.java:95)
	at org.apache.velocity.runtime.parser.node.ASTBlock.render(ASTBlock.java:55)
	at org.apache.velocity.runtime.directive.Foreach.render(Foreach.java:166)
	at org.apache.velocity.runtime.parser.node.ASTDirective.render(ASTDirective.java:114)
	at org.apache.velocity.runtime.parser.node.ASTBlock.render(ASTBlock.java:55)
	at org.apache.velocity.runtime.directive.Foreach.render(Foreach.java:166)
	at org.apache.velocity.runtime.parser.node.ASTDirective.render(ASTDirective.java:114)
	at org.apache.velocity.runtime.parser.node.SimpleNode.render(SimpleNode.java:230)
	at org.apache.velocity.Template.merge(Template.java:256)
	at org.apache.velocity.app.Velocity.mergeTemplate(Velocity.java:449)
	at org.uncommons.reportng.AbstractReporter.generateFile(AbstractReporter.java:108)
	at org.uncommons.reportng.HTMLReporter.createOverview(HTMLReporter.java:148)
	at org.uncommons.reportng.HTMLReporter.generateReport(HTMLReporter.java:111)
	at com.cpeoc.appiunTestDemo.conf.TestRunner.excTestngXml(TestRunner.java:55)
Caused by: java.lang.ClassNotFoundException: com.google.inject.Injector
	at java.net.URLClassLoader.findClass(URLClassLoader.java:381)
	at java.lang.ClassLoader.loadClass(ClassLoader.java:424)
	at sun.misc.Launcher$AppClassLoader.loadClass(Launcher.java:335)
	at java.lang.ClassLoader.loadClass(ClassLoader.java:357)
	... 58 more
... Removed 26 stack frames]]>
    </failure>
  </testcase> <!-- excTestngXml -->
</testsuite> <!-- Default test -->
