<?xml version="1.0" encoding="UTF-8"?>
<!-- Generated by org.testng.reporters.JUnitReportReporter -->
<testsuite name="com.cpeoc.appiunTestDemo.utils.CreatTestNGXML" tests="1" time="0.006" ignored="0" failures="0" timestamp="01 十一月 2017 01:06:52 GMT" skipped="0" hostname="k" errors="1">
  <testcase name="creatXML" time="0.006" classname="com.cpeoc.appiunTestDemo.utils.CreatTestNGXML">
    <error type="java.lang.NoClassDefFoundError" message="com/cpeoc/appiunTestDemo/utils/DeviceUtil">
      <![CDATA[java.lang.NoClassDefFoundError: com/cpeoc/appiunTestDemo/utils/DeviceUtil
	at com.cpeoc.appiunTestDemo.utils.CreatTestNGXML.creatXML(CreatTestNGXML.java:25)
	at sun.reflect.NativeMethodAccessorImpl.invoke0(Native Method)
	at sun.reflect.NativeMethodAccessorImpl.invoke(NativeMethodAccessorImpl.java:62)
	at sun.reflect.DelegatingMethodAccessorImpl.invoke(DelegatingMethodAccessorImpl.java:43)
	at java.lang.reflect.Method.invoke(Method.java:498)
	at org.testng.internal.MethodInvocationHelper.invokeMethod(MethodInvocationHelper.java:104)
	at org.testng.internal.Invoker.invokeMethod(Invoker.java:645)
	at org.testng.internal.Invoker.invokeTestMethod(Invoker.java:851)
	at org.testng.internal.Invoker.invokeTestMethods(Invoker.java:1177)
	at org.testng.internal.TestMethodWorker.invokeTestMethods(TestMethodWorker.java:129)
	at org.testng.internal.TestMethodWorker.run(TestMethodWorker.java:112)
	at org.testng.TestRunner.privateRun(TestRunner.java:756)
	at org.testng.TestRunner.run(TestRunner.java:610)
	at org.testng.SuiteRunner.runTest(SuiteRunner.java:387)
	at org.testng.SuiteRunner.runSequentially(SuiteRunner.java:382)
	at org.testng.SuiteRunner.privateRun(SuiteRunner.java:340)
	at org.testng.SuiteRunner.run(SuiteRunner.java:289)
	at org.testng.SuiteRunnerWorker.runSuite(SuiteRunnerWorker.java:52)
	at org.testng.SuiteRunnerWorker.run(SuiteRunnerWorker.java:86)
	at org.testng.TestNG.runSuitesSequentially(TestNG.java:1293)
	at org.testng.TestNG.runSuitesLocally(TestNG.java:1218)
	at org.testng.TestNG.runSuites(TestNG.java:1133)
	at org.testng.TestNG.run(TestNG.java:1104)
	at org.testng.TestNG.privateMain(TestNG.java:1434)
	at org.testng.TestNG.main(TestNG.java:1403)
Caused by: java.lang.ClassNotFoundException: com.cpeoc.appiunTestDemo.utils.DeviceUtil
	at java.net.URLClassLoader.findClass(URLClassLoader.java:381)
	at java.lang.ClassLoader.loadClass(ClassLoader.java:424)
	at sun.misc.Launcher$AppClassLoader.loadClass(Launcher.java:335)
	at java.lang.ClassLoader.loadClass(ClassLoader.java:357)
	... 25 more
]]>
    </error>
  </testcase> <!-- creatXML -->
</testsuite> <!-- com.cpeoc.appiunTestDemo.utils.CreatTestNGXML -->
