<?xml version="1.0" encoding="UTF-8"?>
<!-- Generated by org.testng.reporters.JUnitReportReporter -->
<testsuite hostname="k" name="com.cpeoc.appiunTestDemo.conf.TestRunner" tests="1" failures="1" timestamp="25 Oct 2017 08:27:49 GMT" time="0.166" errors="0">
  <testcase name="excTestngXml" time="0.166" classname="com.cpeoc.appiunTestDemo.conf.TestRunner">
    <failure type="java.lang.NoClassDefFoundError" message="com/google/inject/Injector">
      <![CDATA[java.lang.NoClassDefFoundError: com/google/inject/Injector
	at java.lang.Class.getDeclaredMethods0(Native Method)
	at java.lang.Class.privateGetDeclaredMethods(Class.java:2701)
	at java.lang.Class.privateGetPublicMethods(Class.java:2902)
	at java.lang.Class.getMethods(Class.java:1615)
	at org.apache.velocity.util.introspection.ClassMap.getAccessibleMethods(ClassMap.java:258)
	at org.apache.velocity.util.introspection.ClassMap.populateMethodCache(ClassMap.java:151)
	at org.apache.velocity.util.introspection.ClassMap.<init>(ClassMap.java:64)
	at org.apache.velocity.util.introspection.IntrospectorBase.createClassMap(IntrospectorBase.java:126)
	at org.apache.velocity.util.introspection.IntrospectorBase.getMethod(IntrospectorBase.java:112)
	at org.apache.velocity.util.introspection.Introspector.getMethod(Introspector.java:100)
	at org.apache.velocity.runtime.parser.node.PropertyExecutor.discover(PropertyExecutor.java:65)
	at org.apache.velocity.runtime.parser.node.PropertyExecutor.<init>(PropertyExecutor.java:39)
	at org.apache.velocity.util.introspection.UberspectImpl.getPropertyGet(UberspectImpl.java:156)
	at org.apache.velocity.runtime.parser.node.ASTIdentifier.execute(ASTIdentifier.java:125)
	at org.apache.velocity.runtime.parser.node.ASTReference.execute(ASTReference.java:175)
	at org.apache.velocity.runtime.parser.node.ASTReference.value(ASTReference.java:327)
	at org.apache.velocity.runtime.parser.node.ASTAddNode.value(ASTAddNode.java:66)
	at org.apache.velocity.runtime.parser.node.ASTExpression.value(ASTExpression.java:51)
	at org.apache.velocity.runtime.parser.node.ASTSetDirective.render(ASTSetDirective.java:95)
	at org.apache.velocity.runtime.parser.node.ASTBlock.render(ASTBlock.java:55)
	at org.apache.velocity.runtime.directive.Foreach.render(Foreach.java:166)
	at org.apache.velocity.runtime.parser.node.ASTDirective.render(ASTDirective.java:114)
	at org.apache.velocity.runtime.parser.node.ASTBlock.render(ASTBlock.java:55)
	at org.apache.velocity.runtime.directive.Foreach.render(Foreach.java:166)
	at org.apache.velocity.runtime.parser.node.ASTDirective.render(ASTDirective.java:114)
	at org.apache.velocity.runtime.parser.node.SimpleNode.render(SimpleNode.java:230)
	at org.apache.velocity.Template.merge(Template.java:256)
	at org.apache.velocity.app.Velocity.mergeTemplate(Velocity.java:449)
	at org.uncommons.reportng.AbstractReporter.generateFile(AbstractReporter.java:108)
	at org.uncommons.reportng.HTMLReporter.createOverview(HTMLReporter.java:148)
	at org.uncommons.reportng.HTMLReporter.generateReport(HTMLReporter.java:111)
	at org.testng.TestNG.generateReports(TestNG.java:1115)
	at org.testng.TestNG.run(TestNG.java:1074)
	at com.cpeoc.appiunTestDemo.conf.TestRunner.excTestngXml(TestRunner.java:55)
	at sun.reflect.NativeMethodAccessorImpl.invoke0(Native Method)
	at sun.reflect.NativeMethodAccessorImpl.invoke(NativeMethodAccessorImpl.java:62)
	at sun.reflect.DelegatingMethodAccessorImpl.invoke(DelegatingMethodAccessorImpl.java:43)
	at java.lang.reflect.Method.invoke(Method.java:498)
	at org.testng.internal.MethodInvocationHelper.invokeMethod(MethodInvocationHelper.java:84)
	at org.testng.internal.Invoker.invokeMethod(Invoker.java:714)
	at org.testng.internal.Invoker.invokeTestMethod(Invoker.java:901)
	at org.testng.internal.Invoker.invokeTestMethods(Invoker.java:1231)
	at org.testng.internal.TestMethodWorker.invokeTestMethods(TestMethodWorker.java:127)
	at org.testng.internal.TestMethodWorker.run(TestMethodWorker.java:111)
	at org.testng.TestRunner.privateRun(TestRunner.java:767)
	at org.testng.TestRunner.run(TestRunner.java:617)
	at org.testng.SuiteRunner.runTest(SuiteRunner.java:335)
	at org.testng.SuiteRunner.runSequentially(SuiteRunner.java:330)
	at org.testng.SuiteRunner.privateRun(SuiteRunner.java:291)
	at org.testng.SuiteRunner.run(SuiteRunner.java:240)
	at org.testng.SuiteRunnerWorker.runSuite(SuiteRunnerWorker.java:52)
	at org.testng.SuiteRunnerWorker.run(SuiteRunnerWorker.java:86)
	at org.testng.TestNG.runSuitesSequentially(TestNG.java:1224)
	at org.testng.TestNG.runSuitesLocally(TestNG.java:1149)
	at org.testng.TestNG.run(TestNG.java:1057)
	at org.testng.remote.RemoteTestNG.run(RemoteTestNG.java:111)
	at org.testng.remote.RemoteTestNG.initAndRun(RemoteTestNG.java:204)
	at org.testng.remote.RemoteTestNG.main(RemoteTestNG.java:175)
Caused by: java.lang.ClassNotFoundException: com.google.inject.Injector
	at java.net.URLClassLoader.findClass(URLClassLoader.java:381)
	at java.lang.ClassLoader.loadClass(ClassLoader.java:424)
	at sun.misc.Launcher$AppClassLoader.loadClass(Launcher.java:335)
	at java.lang.ClassLoader.loadClass(ClassLoader.java:357)
	... 58 more
]]>
    </failure>
  </testcase> <!-- excTestngXml -->
</testsuite> <!-- com.cpeoc.appiunTestDemo.conf.TestRunner -->
